<?xml version="1.0" encoding="UTF-8"?>
<!-- Generated by org.testng.reporters.JUnitXMLReporter -->
<testsuite ignored="0" hostname="MPSADILT0218" failures="0" tests="16" name="Test" time="0.055" errors="0" timestamp="02 Aug 2021 03:45:02 GMT">
  <testcase classname="org.suitlevel.TestSample" name="tc0" time="0.007"/>
  <testcase classname="org.suitlevel.TestSample" name="tc01" time="0.001"/>
  <testcase classname="org.suitlevel.TestSample" name="tc02" time="0.001"/>
  <testcase classname="org.suitlevel.TestSample" name="tc03" time="0.001"/>
  <testcase classname="org.suitlevel.TestSample4" name="tc0" time="0.001"/>
  <testcase classname="org.suitlevel.TestSample4" name="tc01" time="0.001"/>
  <testcase classname="org.suitlevel.TestSample4" name="tc02" time="0.001"/>
  <testcase classname="org.suitlevel.TestSample4" name="tc03" time="0.0"/>
  <testcase classname="org.suitlevel.TestSample3" name="tc0" time="0.001"/>
  <testcase classname="org.suitlevel.TestSample3" name="tc01" time="0.001"/>
  <testcase classname="org.suitlevel.TestSample3" name="tc02" time="0.001"/>
  <testcase classname="org.suitlevel.TestSample3" name="tc03" time="0.001"/>
  <testcase classname="org.suitlevel.TestSample2" name="tc0" time="0.0"/>
  <testcase classname="org.suitlevel.TestSample2" name="tc01" time="0.0"/>
  <testcase classname="org.suitlevel.TestSample2" name="tc02" time="0.0"/>
  <testcase classname="org.suitlevel.TestSample2" name="tc03" time="0.001"/>
</testsuite> <!-- Test -->
