<?xml version="1.0" encoding="UTF-8"?>
<testng-results ignored="0" total="5" passed="4" failed="1" skipped="0">
  <reporter-output>
  </reporter-output>
  <suite started-at="2021-08-02T03:47:59Z" name="Default suite" finished-at="2021-08-02T03:48:56Z" duration-ms="57572">
    <groups>
    </groups>
    <test started-at="2021-08-02T03:47:59Z" name="Default test" finished-at="2021-08-02T03:48:56Z" duration-ms="57572">
      <class name="org.suitlevel.ArraySystem">
        <test-method signature="tc0(java.lang.String, java.lang.String)[pri:0, instance:org.suitlevel.ArraySystem@4eaf3684]" started-at="2021-08-02T03:47:59Z" name="tc0" data-provider="Test data" finished-at="2021-08-02T03:48:09Z" duration-ms="10544" status="PASS">
          <params>
            <param index="0">
              <value>
                <![CDATA[java]]>
              </value>
            </param>
            <param index="1">
              <value>
                <![CDATA[seleniumjava]]>
              </value>
            </param>
          </params>
          <reporter-output>
          </reporter-output>
        </test-method> <!-- tc0 -->
        <test-method signature="tc0(java.lang.String, java.lang.String)[pri:0, instance:org.suitlevel.ArraySystem@4eaf3684]" started-at="2021-08-02T03:48:09Z" name="tc0" data-provider="Test data" finished-at="2021-08-02T03:48:21Z" duration-ms="12189" status="PASS">
          <params>
            <param index="0">
              <value>
                <![CDATA[seleniumjava]]>
              </value>
            </param>
            <param index="1">
              <value>
                <![CDATA[javaselenium]]>
              </value>
            </param>
          </params>
          <reporter-output>
          </reporter-output>
        </test-method> <!-- tc0 -->
        <test-method signature="tc0(java.lang.String, java.lang.String)[pri:0, instance:org.suitlevel.ArraySystem@4eaf3684]" started-at="2021-08-02T03:48:21Z" name="tc0" data-provider="Test data" finished-at="2021-08-02T03:48:31Z" duration-ms="9919" status="PASS">
          <params>
            <param index="0">
              <value>
                <![CDATA[python selenium]]>
              </value>
            </param>
            <param index="1">
              <value>
                <![CDATA[ selenium python]]>
              </value>
            </param>
          </params>
          <reporter-output>
          </reporter-output>
        </test-method> <!-- tc0 -->
        <test-method signature="tc0(java.lang.String, java.lang.String)[pri:0, instance:org.suitlevel.ArraySystem@4eaf3684]" started-at="2021-08-02T03:48:31Z" name="tc0" data-provider="Test data" finished-at="2021-08-02T03:48:43Z" duration-ms="11584" status="FAIL">
          <params>
            <param index="0">
              <value>
                <![CDATA[Rest assured]]>
              </value>
            </param>
            <param index="1">
              <value>
                <![CDATA[assured rest]]>
              </value>
            </param>
          </params>
          <exception class="org.openqa.selenium.NoSuchWindowException">
            <message>
              <![CDATA[no such window: target window already closed
from unknown error: web view not found
  (Session info: chrome=92.0.4515.107)
Build info: version: '3.141.59', revision: 'e82be7d358', time: '2018-11-14T08:17:03'
System info: host: 'MPSADILT0218', ip: '192.168.1.100', os.name: 'Windows 10', os.arch: 'amd64', os.version: '10.0', java.version: '15.0.2'
Driver info: org.openqa.selenium.chrome.ChromeDriver
Capabilities {acceptInsecureCerts: false, browserName: chrome, browserVersion: 92.0.4515.107, chrome: {chromedriverVersion: 91.0.4472.19 (1bf021f248676..., userDataDir: C:\Users\Rathi.ir\AppData\L...}, goog:chromeOptions: {debuggerAddress: localhost:54694}, javascriptEnabled: true, networkConnectionEnabled: false, pageLoadStrategy: normal, platform: WINDOWS, platformName: WINDOWS, proxy: Proxy(), setWindowRect: true, strictFileInteractability: false, timeouts: {implicit: 0, pageLoad: 300000, script: 30000}, unhandledPromptBehavior: dismiss and notify, webauthn:extension:largeBlob: true, webauthn:virtualAuthenticators: true}
Session ID: e2bdfb4f9253f8e96cd2a69ea6e76daf
*** Element info: {Using=id, value=email}]]>
            </message>
            <full-stacktrace>
              <![CDATA[org.openqa.selenium.NoSuchWindowException: no such window: target window already closed
from unknown error: web view not found
  (Session info: chrome=92.0.4515.107)
Build info: version: '3.141.59', revision: 'e82be7d358', time: '2018-11-14T08:17:03'
System info: host: 'MPSADILT0218', ip: '192.168.1.100', os.name: 'Windows 10', os.arch: 'amd64', os.version: '10.0', java.version: '15.0.2'
Driver info: org.openqa.selenium.chrome.ChromeDriver
Capabilities {acceptInsecureCerts: false, browserName: chrome, browserVersion: 92.0.4515.107, chrome: {chromedriverVersion: 91.0.4472.19 (1bf021f248676..., userDataDir: C:\Users\Rathi.ir\AppData\L...}, goog:chromeOptions: {debuggerAddress: localhost:54694}, javascriptEnabled: true, networkConnectionEnabled: false, pageLoadStrategy: normal, platform: WINDOWS, platformName: WINDOWS, proxy: Proxy(), setWindowRect: true, strictFileInteractability: false, timeouts: {implicit: 0, pageLoad: 300000, script: 30000}, unhandledPromptBehavior: dismiss and notify, webauthn:extension:largeBlob: true, webauthn:virtualAuthenticators: true}
Session ID: e2bdfb4f9253f8e96cd2a69ea6e76daf
*** Element info: {Using=id, value=email}
at java.base/jdk.internal.reflect.NativeConstructorAccessorImpl.newInstance0(Native Method)
at java.base/jdk.internal.reflect.NativeConstructorAccessorImpl.newInstance(NativeConstructorAccessorImpl.java:64)
at java.base/jdk.internal.reflect.DelegatingConstructorAccessorImpl.newInstance(DelegatingConstructorAccessorImpl.java:45)
at java.base/java.lang.reflect.Constructor.newInstanceWithCaller(Constructor.java:500)
at java.base/java.lang.reflect.Constructor.newInstance(Constructor.java:481)
at org.openqa.selenium.remote.http.W3CHttpResponseCodec.createException(W3CHttpResponseCodec.java:187)
at org.openqa.selenium.remote.http.W3CHttpResponseCodec.decode(W3CHttpResponseCodec.java:122)
at org.openqa.selenium.remote.http.W3CHttpResponseCodec.decode(W3CHttpResponseCodec.java:49)
at org.openqa.selenium.remote.HttpCommandExecutor.execute(HttpCommandExecutor.java:158)
at org.openqa.selenium.remote.service.DriverCommandExecutor.execute(DriverCommandExecutor.java:83)
at org.openqa.selenium.remote.RemoteWebDriver.execute(RemoteWebDriver.java:552)
at org.openqa.selenium.remote.RemoteWebDriver.findElement(RemoteWebDriver.java:323)
at org.openqa.selenium.remote.RemoteWebDriver.findElementById(RemoteWebDriver.java:372)
at org.openqa.selenium.By$ById.findElement(By.java:188)
at org.openqa.selenium.remote.RemoteWebDriver.findElement(RemoteWebDriver.java:315)
at org.suitlevel.ArraySystem.tc0(ArraySystem.java:20)
at java.base/jdk.internal.reflect.NativeMethodAccessorImpl.invoke0(Native Method)
at java.base/jdk.internal.reflect.NativeMethodAccessorImpl.invoke(NativeMethodAccessorImpl.java:64)
at java.base/jdk.internal.reflect.DelegatingMethodAccessorImpl.invoke(DelegatingMethodAccessorImpl.java:43)
at java.base/java.lang.reflect.Method.invoke(Method.java:564)
at org.testng.internal.MethodInvocationHelper.invokeMethod(MethodInvocationHelper.java:124)
at org.testng.internal.Invoker.invokeMethod(Invoker.java:583)
at org.testng.internal.Invoker.invokeTestMethod(Invoker.java:719)
at org.testng.internal.Invoker.invokeTestMethods(Invoker.java:989)
at org.testng.internal.TestMethodWorker.invokeTestMethods(TestMethodWorker.java:125)
at org.testng.internal.TestMethodWorker.run(TestMethodWorker.java:109)
at org.testng.TestRunner.privateRun(TestRunner.java:648)
at org.testng.TestRunner.run(TestRunner.java:505)
at org.testng.SuiteRunner.runTest(SuiteRunner.java:455)
at org.testng.SuiteRunner.runSequentially(SuiteRunner.java:450)
at org.testng.SuiteRunner.privateRun(SuiteRunner.java:415)
at org.testng.SuiteRunner.run(SuiteRunner.java:364)
at org.testng.SuiteRunnerWorker.runSuite(SuiteRunnerWorker.java:52)
at org.testng.SuiteRunnerWorker.run(SuiteRunnerWorker.java:84)
at org.testng.TestNG.runSuitesSequentially(TestNG.java:1208)
at org.testng.TestNG.runSuitesLocally(TestNG.java:1137)
at org.testng.TestNG.runSuites(TestNG.java:1049)
at org.testng.TestNG.run(TestNG.java:1017)
at org.testng.remote.AbstractRemoteTestNG.run(AbstractRemoteTestNG.java:115)
at org.testng.remote.RemoteTestNG.initAndRun(RemoteTestNG.java:251)
at org.testng.remote.RemoteTestNG.main(RemoteTestNG.java:77)
]]>
            </full-stacktrace>
          </exception> <!-- org.openqa.selenium.NoSuchWindowException -->
          <reporter-output>
          </reporter-output>
        </test-method> <!-- tc0 -->
        <test-method signature="tc0(java.lang.String, java.lang.String)[pri:0, instance:org.suitlevel.ArraySystem@4eaf3684]" started-at="2021-08-02T03:48:43Z" name="tc0" data-provider="Test data" finished-at="2021-08-02T03:48:56Z" duration-ms="13210" status="PASS">
          <params>
            <param index="0">
              <value>
                <![CDATA[Appium]]>
              </value>
            </param>
            <param index="1">
              <value>
                <![CDATA[mobile testing]]>
              </value>
            </param>
          </params>
          <reporter-output>
          </reporter-output>
        </test-method> <!-- tc0 -->
      </class> <!-- org.suitlevel.ArraySystem -->
    </test> <!-- Default test -->
  </suite> <!-- Default suite -->
</testng-results>
